Arguments: 
  C:\Program Files\nodejs\node.exe C:\Users\Chris\AppData\Roaming\npm\node_modules\yarn\bin\yarn.js

PATH: 
  C:\Users\Chris\AppData\Roaming\npm;C:\Program Files\nodejs\;C:\Windows\system32;C:\Windows;C:\Windows\System32\Wbem;C:\Windows\System32\WindowsPowerShell\v1.0\;C:\Program Files (x86)\AMD\ATI.ACE\Core-Static;C:\Program Files\nodejs\;C:\Program Files (x86)\Yarn\bin;C:\Program Files\Git\cmd;C:\Users\Chris\AppData\Local\Microsoft\WindowsApps;C:\Users\Chris\AppData\Roaming\npm;C:\Users\Chris\AppData\Local\Yarn\bin;C:\Program Files\Microsoft VS Code\bin;H:\software\Fiddler

Yarn version: 
  1.3.2

Node version: 
  8.9.4

Platform: 
  win32 x64

npm manifest: 
  {
    "name": "angular-github-issues",
    "description": "",
    "homepage": "https://chris-house.firebaseapp.com/",
    "dependencies": {
      "@angular/animations": "5.2.6",
      "@angular/cdk": "5.2.1",
      "@angular/common": "5.2.6",
      "@angular/compiler": "5.2.6",
      "@angular/compiler-cli": "5.2.6",
      "@angular/core": "5.2.6",
      "@angular/forms": "5.2.6",
      "@angular/http": "5.2.6",
      "@angular/material": "5.2.1",
      "@angular/platform-browser": "5.2.6",
      "@angular/platform-browser-dynamic": "5.2.6",
      "@angular/platform-server": "5.2.6",
      "@angular/router": "5.2.6",
      "@angular/service-worker": "5.2.6",
      "@firebase/app": "^0.1.8",
      "@firebase/app-types": "^0.1.1",
      "@ngrx/core": "1.2.0",
      "@ngrx/effects": "5.1.0",
      "@ngrx/entity": "5.1.0",
      "@ngrx/store": "5.1.0",
      "@ngrx/store-devtools": "5.0.1",
      "angularfire2": "5.0.0-rc.6",
      "core-js": "2.5.3",
      "firebase": "^4.9.1",
      "ng2-charts": "1.6.0",
      "ngx-gist": "1.0.4",
      "rxjs": "5.5.6",
      "zone.js": "0.8.20"
    },
    "version": "0.0.0",
    "license": "MIT",
    "scripts": {
      "ng": "ng",
      "start": "ng serve",
      "build": "ng build",
      "test": "ng test --code-coverage",
      "lint": "ng lint",
      "e2e": "ng e2e",
      "precommit": "npm run lint",
      "build:prod": "ng build --prod --aot --output-path public",
      "deploy": "firebase deploy"
    },
    "private": true,
    "devDependencies": {
      "@angular/cli": "1.7.0",
      "@angular/language-service": "^5.2.4",
      "@types/jasmine": "2.8.4",
      "@types/jasminewd2": "2.0.3",
      "@types/node": "9.4.6",
      "codelyzer": "4.1.0",
      "firebase-tools": "3.17.4",
      "husky": "^0.14.3",
      "jasmine-core": "2.99.1",
      "jasmine-spec-reporter": "4.2.1",
      "karma": "2.0.0",
      "karma-chrome-launcher": "2.2.0",
      "karma-cli": "1.0.1",
      "karma-coverage-istanbul-reporter": "1.4.1",
      "karma-jasmine": "1.1.1",
      "karma-jasmine-html-reporter": "0.2.2",
      "protractor": "5.3.0",
      "ts-node": "4.1.0",
      "tslint": "5.9.1",
      "typescript": "2.6.2"
    }
  }

yarn manifest: 
  No manifest

Lockfile: 
  No lockfile

Trace: 
  RangeError: Invalid string length
      at tokenise (C:\Users\Chris\AppData\Roaming\npm\node_modules\yarn\lib\cli.js:59534:21)
      at tokenise.next (<anonymous>)
      at Parser.next (C:\Users\Chris\AppData\Roaming\npm\node_modules\yarn\lib\cli.js:59657:30)
      at Parser.parse (C:\Users\Chris\AppData\Roaming\npm\node_modules\yarn\lib\cli.js:59705:32)
      at parse (C:\Users\Chris\AppData\Roaming\npm\node_modules\yarn\lib\cli.js:59850:17)
      at module.exports.exports.default (C:\Users\Chris\AppData\Roaming\npm\node_modules\yarn\lib\cli.js:59443:96)
      at C:\Users\Chris\AppData\Roaming\npm\node_modules\yarn\lib\cli.js:86947:64
      at Generator.next (<anonymous>)
      at step (C:\Users\Chris\AppData\Roaming\npm\node_modules\yarn\lib\cli.js:92:30)
      at C:\Users\Chris\AppData\Roaming\npm\node_modules\yarn\lib\cli.js:103:13
